{"/home/mbotelho/codenation/nodejs-9/config/index.js": {"path":"/home/mbotelho/codenation/nodejs-9/config/index.js","statementMap":{"0":{"start":{"line":1,"column":21},"end":{"line":1,"column":32}},"1":{"start":{"line":3,"column":0},"end":{"line":10,"column":1}}},"fnMap":{},"branchMap":{},"s":{"0":1,"1":1},"f":{},"b":{},"_coverageSchema":"1a1c01bbd47fc00a2c39e90264f33305004495a9","hash":"375e93b203fcda3d3fb2de5e5d694ceab95b3f62"}
,"/home/mbotelho/codenation/nodejs-9/db/helper.js": {"path":"/home/mbotelho/codenation/nodejs-9/db/helper.js","statementMap":{"0":{"start":{"line":1,"column":14},"end":{"line":1,"column":30}},"1":{"start":{"line":2,"column":21},"end":{"line":2,"column":41}},"2":{"start":{"line":4,"column":19},"end":{"line":4,"column":51}},"3":{"start":{"line":6,"column":20},"end":{"line":14,"column":1}},"4":{"start":{"line":7,"column":2},"end":{"line":13,"column":4}},"5":{"start":{"line":8,"column":4},"end":{"line":12,"column":6}},"6":{"start":{"line":9,"column":6},"end":{"line":9,"column":30}},"7":{"start":{"line":9,"column":17},"end":{"line":9,"column":30}},"8":{"start":{"line":11,"column":6},"end":{"line":11,"column":22}},"9":{"start":{"line":16,"column":24},"end":{"line":34,"column":1}},"10":{"start":{"line":17,"column":30},"end":{"line":28,"column":33}},"11":{"start":{"line":18,"column":16},"end":{"line":18,"column":26}},"12":{"start":{"line":20,"column":4},"end":{"line":22,"column":5}},"13":{"start":{"line":21,"column":6},"end":{"line":21,"column":26}},"14":{"start":{"line":24,"column":4},"end":{"line":24,"column":26}},"15":{"start":{"line":25,"column":4},"end":{"line":25,"column":26}},"16":{"start":{"line":27,"column":4},"end":{"line":27,"column":14}},"17":{"start":{"line":30,"column":2},"end":{"line":33,"column":3}},"18":{"start":{"line":36,"column":24},"end":{"line":47,"column":1}},"19":{"start":{"line":37,"column":2},"end":{"line":46,"column":18}},"20":{"start":{"line":38,"column":16},"end":{"line":38,"column":26}},"21":{"start":{"line":40,"column":4},"end":{"line":42,"column":5}},"22":{"start":{"line":41,"column":6},"end":{"line":41,"column":26}},"23":{"start":{"line":43,"column":4},"end":{"line":43,"column":32}},"24":{"start":{"line":45,"column":4},"end":{"line":45,"column":14}},"25":{"start":{"line":49,"column":0},"end":{"line":54,"column":1}}},"fnMap":{"0":{"name":"(anonymous_0)","decl":{"start":{"line":6,"column":20},"end":{"line":6,"column":21}},"loc":{"start":{"line":6,"column":31},"end":{"line":14,"column":1}},"line":6},"1":{"name":"(anonymous_1)","decl":{"start":{"line":7,"column":21},"end":{"line":7,"column":22}},"loc":{"start":{"line":7,"column":42},"end":{"line":13,"column":3}},"line":7},"2":{"name":"(anonymous_2)","decl":{"start":{"line":8,"column":28},"end":{"line":8,"column":29}},"loc":{"start":{"line":8,"column":56},"end":{"line":12,"column":5}},"line":8},"3":{"name":"(anonymous_3)","decl":{"start":{"line":16,"column":24},"end":{"line":16,"column":25}},"loc":{"start":{"line":16,"column":32},"end":{"line":34,"column":1}},"line":16},"4":{"name":"(anonymous_4)","decl":{"start":{"line":17,"column":55},"end":{"line":17,"column":56}},"loc":{"start":{"line":17,"column":72},"end":{"line":28,"column":3}},"line":17},"5":{"name":"(anonymous_5)","decl":{"start":{"line":36,"column":24},"end":{"line":36,"column":25}},"loc":{"start":{"line":36,"column":32},"end":{"line":47,"column":1}},"line":36},"6":{"name":"(anonymous_6)","decl":{"start":{"line":37,"column":34},"end":{"line":37,"column":35}},"loc":{"start":{"line":37,"column":49},"end":{"line":46,"column":3}},"line":37}},"branchMap":{"0":{"loc":{"start":{"line":9,"column":6},"end":{"line":9,"column":30}},"type":"if","locations":[{"start":{"line":9,"column":6},"end":{"line":9,"column":30}},{"start":{"line":9,"column":6},"end":{"line":9,"column":30}}],"line":9},"1":{"loc":{"start":{"line":20,"column":4},"end":{"line":22,"column":5}},"type":"if","locations":[{"start":{"line":20,"column":4},"end":{"line":22,"column":5}},{"start":{"line":20,"column":4},"end":{"line":22,"column":5}}],"line":20},"2":{"loc":{"start":{"line":20,"column":8},"end":{"line":20,"column":48}},"type":"binary-expr","locations":[{"start":{"line":20,"column":8},"end":{"line":20,"column":22}},{"start":{"line":20,"column":26},"end":{"line":20,"column":48}}],"line":20},"3":{"loc":{"start":{"line":40,"column":4},"end":{"line":42,"column":5}},"type":"if","locations":[{"start":{"line":40,"column":4},"end":{"line":42,"column":5}},{"start":{"line":40,"column":4},"end":{"line":42,"column":5}}],"line":40},"4":{"loc":{"start":{"line":40,"column":8},"end":{"line":40,"column":48}},"type":"binary-expr","locations":[{"start":{"line":40,"column":8},"end":{"line":40,"column":22}},{"start":{"line":40,"column":26},"end":{"line":40,"column":48}}],"line":40}},"s":{"0":1,"1":1,"2":1,"3":1,"4":11,"5":11,"6":11,"7":0,"8":11,"9":1,"10":5,"11":40,"12":40,"13":30,"14":40,"15":40,"16":40,"17":5,"18":1,"19":0,"20":0,"21":0,"22":0,"23":0,"24":0,"25":1},"f":{"0":11,"1":11,"2":11,"3":5,"4":40,"5":0,"6":0},"b":{"0":[0,11],"1":[30,10],"2":[40,35],"3":[0,0],"4":[0,0]},"_coverageSchema":"1a1c01bbd47fc00a2c39e90264f33305004495a9","hash":"8282a49144b2efcb800baf4d0a144bb4e0b01bdd"}
,"/home/mbotelho/codenation/nodejs-9/db/index.js": {"path":"/home/mbotelho/codenation/nodejs-9/db/index.js","statementMap":{"0":{"start":{"line":3,"column":14},"end":{"line":3,"column":30}},"1":{"start":{"line":4,"column":21},"end":{"line":4,"column":41}},"2":{"start":{"line":6,"column":19},"end":{"line":6,"column":51}},"3":{"start":{"line":8,"column":14},"end":{"line":16,"column":1}},"4":{"start":{"line":9,"column":2},"end":{"line":15,"column":4}},"5":{"start":{"line":10,"column":4},"end":{"line":14,"column":6}},"6":{"start":{"line":11,"column":6},"end":{"line":11,"column":30}},"7":{"start":{"line":11,"column":17},"end":{"line":11,"column":30}},"8":{"start":{"line":13,"column":6},"end":{"line":13,"column":22}},"9":{"start":{"line":18,"column":26},"end":{"line":22,"column":14}},"10":{"start":{"line":19,"column":2},"end":{"line":22,"column":14}},"11":{"start":{"line":21,"column":6},"end":{"line":21,"column":61}},"12":{"start":{"line":24,"column":26},"end":{"line":31,"column":1}},"13":{"start":{"line":25,"column":17},"end":{"line":28,"column":10}},"14":{"start":{"line":27,"column":6},"end":{"line":27,"column":85}},"15":{"start":{"line":30,"column":2},"end":{"line":30,"column":47}},"16":{"start":{"line":33,"column":0},"end":{"line":38,"column":1}}},"fnMap":{"0":{"name":"(anonymous_0)","decl":{"start":{"line":8,"column":14},"end":{"line":8,"column":15}},"loc":{"start":{"line":8,"column":23},"end":{"line":16,"column":1}},"line":8},"1":{"name":"(anonymous_1)","decl":{"start":{"line":9,"column":21},"end":{"line":9,"column":22}},"loc":{"start":{"line":9,"column":42},"end":{"line":15,"column":3}},"line":9},"2":{"name":"(anonymous_2)","decl":{"start":{"line":10,"column":28},"end":{"line":10,"column":29}},"loc":{"start":{"line":10,"column":56},"end":{"line":14,"column":5}},"line":10},"3":{"name":"(anonymous_3)","decl":{"start":{"line":18,"column":26},"end":{"line":18,"column":27}},"loc":{"start":{"line":19,"column":2},"end":{"line":22,"column":14}},"line":19},"4":{"name":"(anonymous_4)","decl":{"start":{"line":20,"column":12},"end":{"line":20,"column":13}},"loc":{"start":{"line":21,"column":6},"end":{"line":21,"column":61}},"line":21},"5":{"name":"(anonymous_5)","decl":{"start":{"line":24,"column":26},"end":{"line":24,"column":27}},"loc":{"start":{"line":24,"column":33},"end":{"line":31,"column":1}},"line":24},"6":{"name":"(anonymous_6)","decl":{"start":{"line":26,"column":12},"end":{"line":26,"column":13}},"loc":{"start":{"line":27,"column":6},"end":{"line":27,"column":85}},"line":27}},"branchMap":{"0":{"loc":{"start":{"line":11,"column":6},"end":{"line":11,"column":30}},"type":"if","locations":[{"start":{"line":11,"column":6},"end":{"line":11,"column":30}},{"start":{"line":11,"column":6},"end":{"line":11,"column":30}}],"line":11},"1":{"loc":{"start":{"line":21,"column":17},"end":{"line":21,"column":59}},"type":"cond-expr","locations":[{"start":{"line":21,"column":43},"end":{"line":21,"column":46}},{"start":{"line":21,"column":49},"end":{"line":21,"column":59}}],"line":21},"2":{"loc":{"start":{"line":27,"column":24},"end":{"line":27,"column":81}},"type":"cond-expr","locations":[{"start":{"line":27,"column":55},"end":{"line":27,"column":63}},{"start":{"line":27,"column":66},"end":{"line":27,"column":81}}],"line":27}},"s":{"0":1,"1":1,"2":1,"3":1,"4":7,"5":7,"6":7,"7":0,"8":7,"9":1,"10":1,"11":8,"12":1,"13":1,"14":2,"15":1,"16":1},"f":{"0":7,"1":7,"2":7,"3":1,"4":8,"5":1,"6":2},"b":{"0":[0,7],"1":[2,6],"2":[0,2]},"_coverageSchema":"1a1c01bbd47fc00a2c39e90264f33305004495a9","hash":"ff117f9c80c0b2becee77a3a60432b5b2ba80bcc"}
,"/home/mbotelho/codenation/nodejs-9/src/server.js": {"path":"/home/mbotelho/codenation/nodejs-9/src/server.js","statementMap":{"0":{"start":{"line":3,"column":16},"end":{"line":3,"column":34}},"1":{"start":{"line":4,"column":19},"end":{"line":4,"column":41}},"2":{"start":{"line":5,"column":12},"end":{"line":5,"column":21}},"3":{"start":{"line":7,"column":0},"end":{"line":7,"column":26}},"4":{"start":{"line":15,"column":4},"end":{"line":15,"column":29}},"5":{"start":{"line":17,"column":0},"end":{"line":17,"column":31}},"6":{"start":{"line":19,"column":0},"end":{"line":19,"column":43}},"7":{"start":{"line":21,"column":0},"end":{"line":21,"column":32}},"8":{"start":{"line":23,"column":0},"end":{"line":23,"column":48}},"9":{"start":{"line":25,"column":0},"end":{"line":25,"column":49}},"10":{"start":{"line":27,"column":0},"end":{"line":29,"column":1}}},"fnMap":{},"branchMap":{},"s":{"0":1,"1":1,"2":1,"3":1,"4":1,"5":1,"6":1,"7":1,"8":1,"9":1,"10":1},"f":{},"b":{},"_coverageSchema":"1a1c01bbd47fc00a2c39e90264f33305004495a9","hash":"2aa0d1a136236aa13c030656b18dd35a57ba26ea"}
,"/home/mbotelho/codenation/nodejs-9/src/controllers/index.js": {"path":"/home/mbotelho/codenation/nodejs-9/src/controllers/index.js","statementMap":{"0":{"start":{"line":1,"column":21},"end":{"line":1,"column":32}},"1":{"start":{"line":2,"column":14},"end":{"line":2,"column":36}},"2":{"start":{"line":4,"column":14},"end":{"line":4,"column":45}},"3":{"start":{"line":7,"column":58},"end":{"line":7,"column":84}},"4":{"start":{"line":9,"column":15},"end":{"line":14,"column":1}},"5":{"start":{"line":11,"column":15},"end":{"line":11,"column":38}},"6":{"start":{"line":13,"column":2},"end":{"line":13,"column":33}},"7":{"start":{"line":16,"column":16},"end":{"line":22,"column":1}},"8":{"start":{"line":18,"column":20},"end":{"line":18,"column":44}},"9":{"start":{"line":19,"column":15},"end":{"line":19,"column":46}},"10":{"start":{"line":21,"column":2},"end":{"line":21,"column":35}},"11":{"start":{"line":24,"column":15},"end":{"line":33,"column":1}},"12":{"start":{"line":26,"column":17},"end":{"line":26,"column":49}},"13":{"start":{"line":27,"column":2},"end":{"line":31,"column":3}},"14":{"start":{"line":28,"column":4},"end":{"line":30,"column":6}},"15":{"start":{"line":35,"column":19},"end":{"line":45,"column":1}},"16":{"start":{"line":37,"column":20},"end":{"line":37,"column":44}},"17":{"start":{"line":38,"column":17},"end":{"line":38,"column":60}},"18":{"start":{"line":39,"column":2},"end":{"line":43,"column":3}},"19":{"start":{"line":40,"column":4},"end":{"line":42,"column":6}},"20":{"start":{"line":47,"column":19},"end":{"line":53,"column":1}},"21":{"start":{"line":49,"column":20},"end":{"line":49,"column":44}},"22":{"start":{"line":50,"column":17},"end":{"line":50,"column":46}},"23":{"start":{"line":52,"column":2},"end":{"line":52,"column":39}},"24":{"start":{"line":55,"column":0},"end":{"line":61,"column":1}}},"fnMap":{"0":{"name":"(anonymous_0)","decl":{"start":{"line":9,"column":15},"end":{"line":9,"column":16}},"loc":{"start":{"line":9,"column":44},"end":{"line":14,"column":1}},"line":9},"1":{"name":"(anonymous_1)","decl":{"start":{"line":16,"column":16},"end":{"line":16,"column":17}},"loc":{"start":{"line":16,"column":45},"end":{"line":22,"column":1}},"line":16},"2":{"name":"(anonymous_2)","decl":{"start":{"line":24,"column":15},"end":{"line":24,"column":16}},"loc":{"start":{"line":24,"column":44},"end":{"line":33,"column":1}},"line":24},"3":{"name":"(anonymous_3)","decl":{"start":{"line":35,"column":19},"end":{"line":35,"column":20}},"loc":{"start":{"line":35,"column":48},"end":{"line":45,"column":1}},"line":35},"4":{"name":"(anonymous_4)","decl":{"start":{"line":47,"column":19},"end":{"line":47,"column":20}},"loc":{"start":{"line":47,"column":48},"end":{"line":53,"column":1}},"line":47}},"branchMap":{"0":{"loc":{"start":{"line":27,"column":2},"end":{"line":31,"column":3}},"type":"if","locations":[{"start":{"line":27,"column":2},"end":{"line":31,"column":3}},{"start":{"line":27,"column":2},"end":{"line":31,"column":3}}],"line":27},"1":{"loc":{"start":{"line":39,"column":2},"end":{"line":43,"column":3}},"type":"if","locations":[{"start":{"line":39,"column":2},"end":{"line":43,"column":3}},{"start":{"line":39,"column":2},"end":{"line":43,"column":3}}],"line":39}},"s":{"0":1,"1":1,"2":1,"3":1,"4":1,"5":2,"6":2,"7":1,"8":2,"9":2,"10":2,"11":1,"12":1,"13":1,"14":1,"15":1,"16":1,"17":1,"18":1,"19":1,"20":1,"21":1,"22":1,"23":1,"24":1},"f":{"0":2,"1":2,"2":1,"3":1,"4":1},"b":{"0":[1,0],"1":[1,0]},"_coverageSchema":"1a1c01bbd47fc00a2c39e90264f33305004495a9","hash":"174ed612eed245f9b12ea950c07131f33bdc5538"}
,"/home/mbotelho/codenation/nodejs-9/src/model/index.js": {"path":"/home/mbotelho/codenation/nodejs-9/src/model/index.js","statementMap":{"0":{"start":{"line":5,"column":6},"end":{"line":5,"column":25}},"1":{"start":{"line":7,"column":38},"end":{"line":7,"column":49}},"2":{"start":{"line":8,"column":16},"end":{"line":8,"column":38}},"3":{"start":{"line":10,"column":19},"end":{"line":38,"column":3}},"4":{"start":{"line":11,"column":19},"end":{"line":14,"column":6}},"5":{"start":{"line":12,"column":21},"end":{"line":12,"column":52}},"6":{"start":{"line":13,"column":6},"end":{"line":13,"column":28}},"7":{"start":{"line":17,"column":21},"end":{"line":18,"column":48}},"8":{"start":{"line":18,"column":22},"end":{"line":18,"column":46}},"9":{"start":{"line":20,"column":6},"end":{"line":20,"column":19}},"10":{"start":{"line":24,"column":21},"end":{"line":24,"column":44}},"11":{"start":{"line":25,"column":21},"end":{"line":25,"column":75}},"12":{"start":{"line":27,"column":6},"end":{"line":27,"column":19}},"13":{"start":{"line":31,"column":21},"end":{"line":31,"column":44}},"14":{"start":{"line":32,"column":21},"end":{"line":32,"column":82}},"15":{"start":{"line":34,"column":6},"end":{"line":34,"column":19}},"16":{"start":{"line":37,"column":24},"end":{"line":37,"column":76}},"17":{"start":{"line":41,"column":0},"end":{"line":41,"column":29}}},"fnMap":{"0":{"name":"(anonymous_0)","decl":{"start":{"line":11,"column":13},"end":{"line":11,"column":14}},"loc":{"start":{"line":11,"column":19},"end":{"line":14,"column":6}},"line":11},"1":{"name":"(anonymous_1)","decl":{"start":{"line":11,"column":31},"end":{"line":11,"column":32}},"loc":{"start":{"line":11,"column":44},"end":{"line":14,"column":5}},"line":11},"2":{"name":"(anonymous_2)","decl":{"start":{"line":16,"column":14},"end":{"line":16,"column":15}},"loc":{"start":{"line":16,"column":26},"end":{"line":21,"column":5}},"line":16},"3":{"name":"(anonymous_3)","decl":{"start":{"line":18,"column":14},"end":{"line":18,"column":15}},"loc":{"start":{"line":18,"column":22},"end":{"line":18,"column":46}},"line":18},"4":{"name":"(anonymous_4)","decl":{"start":{"line":23,"column":12},"end":{"line":23,"column":13}},"loc":{"start":{"line":23,"column":26},"end":{"line":28,"column":5}},"line":23},"5":{"name":"(anonymous_5)","decl":{"start":{"line":30,"column":12},"end":{"line":30,"column":13}},"loc":{"start":{"line":30,"column":32},"end":{"line":35,"column":5}},"line":30},"6":{"name":"(anonymous_6)","decl":{"start":{"line":37,"column":12},"end":{"line":37,"column":13}},"loc":{"start":{"line":37,"column":24},"end":{"line":37,"column":76}},"line":37}},"branchMap":{"0":{"loc":{"start":{"line":7,"column":10},"end":{"line":7,"column":33}},"type":"default-arg","locations":[{"start":{"line":7,"column":21},"end":{"line":7,"column":33}}],"line":7},"1":{"loc":{"start":{"line":18,"column":22},"end":{"line":18,"column":46}},"type":"cond-expr","locations":[{"start":{"line":18,"column":35},"end":{"line":18,"column":41}},{"start":{"line":18,"column":44},"end":{"line":18,"column":46}}],"line":18}},"s":{"0":1,"1":1,"2":1,"3":1,"4":2,"5":2,"6":2,"7":2,"8":2,"9":2,"10":1,"11":1,"12":1,"13":1,"14":1,"15":1,"16":1,"17":1},"f":{"0":2,"1":2,"2":2,"3":2,"4":1,"5":1,"6":1},"b":{"0":[0],"1":[2,0]},"_coverageSchema":"1a1c01bbd47fc00a2c39e90264f33305004495a9","hash":"b24ab6ae4ef30d9d0de1bcccc6b61934efc8a6ab"}
,"/home/mbotelho/codenation/nodejs-9/test/utils.js": {"path":"/home/mbotelho/codenation/nodejs-9/test/utils.js","statementMap":{"0":{"start":{"line":5,"column":4},"end":{"line":5,"column":27}},"1":{"start":{"line":7,"column":22},"end":{"line":14,"column":1}},"2":{"start":{"line":8,"column":30},"end":{"line":8,"column":51}},"3":{"start":{"line":9,"column":16},"end":{"line":9,"column":71}},"4":{"start":{"line":11,"column":19},"end":{"line":11,"column":43}},"5":{"start":{"line":13,"column":2},"end":{"line":13,"column":17}},"6":{"start":{"line":16,"column":19},"end":{"line":20,"column":1}},"7":{"start":{"line":17,"column":19},"end":{"line":17,"column":63}},"8":{"start":{"line":19,"column":2},"end":{"line":19,"column":17}},"9":{"start":{"line":22,"column":0},"end":{"line":26,"column":1}}},"fnMap":{"0":{"name":"(anonymous_0)","decl":{"start":{"line":7,"column":22},"end":{"line":7,"column":23}},"loc":{"start":{"line":7,"column":45},"end":{"line":14,"column":1}},"line":7},"1":{"name":"(anonymous_1)","decl":{"start":{"line":16,"column":19},"end":{"line":16,"column":20}},"loc":{"start":{"line":16,"column":36},"end":{"line":20,"column":1}},"line":16}},"branchMap":{},"s":{"0":1,"1":1,"2":5,"3":5,"4":5,"5":5,"6":1,"7":6,"8":6,"9":1},"f":{"0":5,"1":6},"b":{},"_coverageSchema":"1a1c01bbd47fc00a2c39e90264f33305004495a9","hash":"66f51e1e6b4ceb661328318d18592271e7554fb6"}
}
