TN:
SF:config/index.js
FNF:0
FNH:0
DA:1,1
DA:3,1
LF:2
LH:2
BRF:0
BRH:0
end_of_record
TN:
SF:db/helper.js
FN:6,(anonymous_0)
FN:7,(anonymous_1)
FN:8,(anonymous_2)
FN:16,(anonymous_3)
FN:17,(anonymous_4)
FN:36,(anonymous_5)
FN:37,(anonymous_6)
FNF:7
FNH:5
FNDA:11,(anonymous_0)
FNDA:11,(anonymous_1)
FNDA:11,(anonymous_2)
FNDA:5,(anonymous_3)
FNDA:40,(anonymous_4)
FNDA:0,(anonymous_5)
FNDA:0,(anonymous_6)
DA:1,1
DA:2,1
DA:4,1
DA:6,1
DA:7,11
DA:8,11
DA:9,11
DA:11,11
DA:16,1
DA:17,5
DA:18,40
DA:20,40
DA:21,30
DA:24,40
DA:25,40
DA:27,40
DA:30,5
DA:36,1
DA:37,0
DA:38,0
DA:40,0
DA:41,0
DA:43,0
DA:45,0
DA:49,1
LF:25
LH:19
BRDA:9,0,0,0
BRDA:9,0,1,11
BRDA:20,1,0,30
BRDA:20,1,1,10
BRDA:20,2,0,40
BRDA:20,2,1,35
BRDA:40,3,0,0
BRDA:40,3,1,0
BRDA:40,4,0,0
BRDA:40,4,1,0
BRF:10
BRH:5
end_of_record
TN:
SF:db/index.js
FN:8,(anonymous_0)
FN:9,(anonymous_1)
FN:10,(anonymous_2)
FN:18,(anonymous_3)
FN:20,(anonymous_4)
FN:24,(anonymous_5)
FN:26,(anonymous_6)
FNF:7
FNH:7
FNDA:7,(anonymous_0)
FNDA:7,(anonymous_1)
FNDA:7,(anonymous_2)
FNDA:1,(anonymous_3)
FNDA:8,(anonymous_4)
FNDA:1,(anonymous_5)
FNDA:2,(anonymous_6)
DA:3,1
DA:4,1
DA:6,1
DA:8,1
DA:9,7
DA:10,7
DA:11,7
DA:13,7
DA:18,1
DA:19,1
DA:21,8
DA:24,1
DA:25,1
DA:27,2
DA:30,1
DA:33,1
LF:16
LH:16
BRDA:11,0,0,0
BRDA:11,0,1,7
BRDA:21,1,0,2
BRDA:21,1,1,6
BRDA:27,2,0,0
BRDA:27,2,1,2
BRF:6
BRH:4
end_of_record
TN:
SF:src/server.js
FNF:0
FNH:0
DA:3,1
DA:4,1
DA:5,1
DA:7,1
DA:15,1
DA:17,1
DA:19,1
DA:21,1
DA:23,1
DA:25,1
DA:27,1
LF:11
LH:11
BRF:0
BRH:0
end_of_record
TN:
SF:src/controllers/index.js
FN:9,(anonymous_0)
FN:16,(anonymous_1)
FN:24,(anonymous_2)
FN:35,(anonymous_3)
FN:47,(anonymous_4)
FNF:5
FNH:5
FNDA:2,(anonymous_0)
FNDA:2,(anonymous_1)
FNDA:1,(anonymous_2)
FNDA:1,(anonymous_3)
FNDA:1,(anonymous_4)
DA:1,1
DA:2,1
DA:4,1
DA:7,1
DA:9,1
DA:11,2
DA:13,2
DA:16,1
DA:18,2
DA:19,2
DA:21,2
DA:24,1
DA:26,1
DA:27,1
DA:28,1
DA:35,1
DA:37,1
DA:38,1
DA:39,1
DA:40,1
DA:47,1
DA:49,1
DA:50,1
DA:52,1
DA:55,1
LF:25
LH:25
BRDA:27,0,0,1
BRDA:27,0,1,0
BRDA:39,1,0,1
BRDA:39,1,1,0
BRF:4
BRH:2
end_of_record
TN:
SF:src/model/index.js
FN:11,(anonymous_0)
FN:11,(anonymous_1)
FN:16,(anonymous_2)
FN:18,(anonymous_3)
FN:23,(anonymous_4)
FN:30,(anonymous_5)
FN:37,(anonymous_6)
FNF:7
FNH:7
FNDA:2,(anonymous_0)
FNDA:2,(anonymous_1)
FNDA:2,(anonymous_2)
FNDA:2,(anonymous_3)
FNDA:1,(anonymous_4)
FNDA:1,(anonymous_5)
FNDA:1,(anonymous_6)
DA:5,1
DA:7,1
DA:8,1
DA:10,1
DA:11,2
DA:12,2
DA:13,2
DA:17,2
DA:18,2
DA:20,2
DA:24,1
DA:25,1
DA:27,1
DA:31,1
DA:32,1
DA:34,1
DA:37,1
DA:41,1
LF:18
LH:18
BRDA:7,0,0,0
BRDA:18,1,0,2
BRDA:18,1,1,0
BRF:3
BRH:1
end_of_record
TN:
SF:test/utils.js
FN:7,(anonymous_0)
FN:16,(anonymous_1)
FNF:2
FNH:2
FNDA:5,(anonymous_0)
FNDA:6,(anonymous_1)
DA:5,1
DA:7,1
DA:8,5
DA:9,5
DA:11,5
DA:13,5
DA:16,1
DA:17,6
DA:19,6
DA:22,1
LF:10
LH:10
BRF:0
BRH:0
end_of_record
