<?xml version="1.0" encoding="UTF-8"?>
<coverage generated="1580584746020" clover="3.2.0">
  <project timestamp="1580584746020" name="All files">
    <metrics statements="60" coveredstatements="59" conditionals="22" coveredconditionals="21" methods="14" coveredmethods="14" elements="96" coveredelements="94" complexity="0" loc="60" ncloc="60" packages="1" files="1" classes="1"/>
    <file name="index.js" path="/home/mbotelho/codenation/nodejs-1/src/index.js">
      <metrics statements="60" coveredstatements="59" conditionals="22" coveredconditionals="21" methods="14" coveredmethods="14"/>
      <line num="3" count="1" type="stmt"/>
      <line num="5" count="1" type="stmt"/>
      <line num="7" count="1" type="stmt"/>
      <line num="9" count="17996" type="stmt"/>
      <line num="13" count="1" type="stmt"/>
      <line num="14" count="1" type="stmt"/>
      <line num="16" count="17995" type="cond" truecount="2" falsecount="0"/>
      <line num="18" count="1" type="stmt"/>
      <line num="22" count="1" type="stmt"/>
      <line num="23" count="1" type="stmt"/>
      <line num="25" count="17995" type="cond" truecount="2" falsecount="0"/>
      <line num="27" count="1" type="stmt"/>
      <line num="31" count="1" type="stmt"/>
      <line num="33" count="1" type="stmt"/>
      <line num="35" count="1" type="stmt"/>
      <line num="36" count="20" type="stmt"/>
      <line num="37" count="20" type="stmt"/>
      <line num="40" count="1" type="stmt"/>
      <line num="44" count="1" type="stmt"/>
      <line num="45" count="1" type="stmt"/>
      <line num="47" count="1" type="stmt"/>
      <line num="48" count="17995" type="cond" truecount="2" falsecount="0"/>
      <line num="49" count="17994" type="stmt"/>
      <line num="53" count="1" type="stmt"/>
      <line num="56" count="1" type="stmt"/>
      <line num="58" count="1" type="stmt"/>
      <line num="59" count="10" type="stmt"/>
      <line num="62" count="1" type="stmt"/>
      <line num="68" count="152239" type="cond" truecount="2" falsecount="0"/>
      <line num="69" count="65779" type="stmt"/>
      <line num="71" count="86460" type="cond" truecount="2" falsecount="0"/>
      <line num="72" count="51748" type="stmt"/>
      <line num="75" count="34712" type="stmt"/>
      <line num="79" count="1" type="stmt"/>
      <line num="81" count="1" type="stmt"/>
      <line num="83" count="1" type="stmt"/>
      <line num="84" count="17995" type="cond" truecount="2" falsecount="0"/>
      <line num="85" count="17994" type="stmt"/>
      <line num="89" count="1" type="stmt"/>
      <line num="91" count="1" type="stmt"/>
      <line num="93" count="1" type="stmt"/>
      <line num="94" count="10" type="stmt"/>
      <line num="97" count="1" type="stmt"/>
      <line num="104" count="149520" type="cond" truecount="2" falsecount="0"/>
      <line num="105" count="38191" type="stmt"/>
      <line num="107" count="111329" type="cond" truecount="2" falsecount="0"/>
      <line num="108" count="34526" type="stmt"/>
      <line num="110" count="76803" type="cond" truecount="1" falsecount="1"/>
      <line num="111" count="76803" type="stmt"/>
      <line num="114" count="0" type="stmt"/>
      <line num="119" count="1" type="stmt"/>
      <line num="121" count="1" type="stmt"/>
      <line num="124" count="1" type="stmt"/>
      <line num="126" count="17995" type="stmt"/>
      <line num="128" count="17995" type="cond" truecount="2" falsecount="0"/>
      <line num="130" count="17994" type="cond" truecount="2" falsecount="0"/>
      <line num="132" count="17965" type="stmt"/>
      <line num="135" count="29" type="stmt"/>
      <line num="142" count="1" type="stmt"/>
      <line num="146" count="1" type="stmt"/>
    </file>
  </project>
</coverage>
