{"/home/mbotelho/codenation/nodejs-1/src/index.js": {"path":"/home/mbotelho/codenation/nodejs-1/src/index.js","statementMap":{"0":{"start":{"line":3,"column":11},"end":{"line":3,"column":24}},"1":{"start":{"line":5,"column":13},"end":{"line":5,"column":54}},"2":{"start":{"line":7,"column":19},"end":{"line":10,"column":13}},"3":{"start":{"line":9,"column":17},"end":{"line":9,"column":32}},"4":{"start":{"line":13,"column":11},"end":{"line":19,"column":1}},"5":{"start":{"line":14,"column":19},"end":{"line":14,"column":28}},"6":{"start":{"line":16,"column":4},"end":{"line":16,"column":64}},"7":{"start":{"line":16,"column":31},"end":{"line":16,"column":63}},"8":{"start":{"line":18,"column":4},"end":{"line":18,"column":22}},"9":{"start":{"line":22,"column":11},"end":{"line":28,"column":1}},"10":{"start":{"line":23,"column":19},"end":{"line":23,"column":28}},"11":{"start":{"line":25,"column":4},"end":{"line":25,"column":62}},"12":{"start":{"line":25,"column":31},"end":{"line":25,"column":61}},"13":{"start":{"line":27,"column":4},"end":{"line":27,"column":22}},"14":{"start":{"line":31,"column":11},"end":{"line":41,"column":1}},"15":{"start":{"line":33,"column":19},"end":{"line":33,"column":21}},"16":{"start":{"line":35,"column":4},"end":{"line":38,"column":5}},"17":{"start":{"line":35,"column":14},"end":{"line":35,"column":15}},"18":{"start":{"line":36,"column":18},"end":{"line":36,"column":45}},"19":{"start":{"line":37,"column":8},"end":{"line":37,"column":25}},"20":{"start":{"line":40,"column":4},"end":{"line":40,"column":17}},"21":{"start":{"line":44,"column":11},"end":{"line":63,"column":1}},"22":{"start":{"line":45,"column":20},"end":{"line":45,"column":22}},"23":{"start":{"line":47,"column":5},"end":{"line":51,"column":7}},"24":{"start":{"line":48,"column":8},"end":{"line":50,"column":10}},"25":{"start":{"line":49,"column":12},"end":{"line":49,"column":58}},"26":{"start":{"line":53,"column":5},"end":{"line":53,"column":32}},"27":{"start":{"line":56,"column":35},"end":{"line":56,"column":39}},"28":{"start":{"line":58,"column":5},"end":{"line":60,"column":6}},"29":{"start":{"line":58,"column":17},"end":{"line":58,"column":18}},"30":{"start":{"line":59,"column":8},"end":{"line":59,"column":52}},"31":{"start":{"line":62,"column":5},"end":{"line":62,"column":35}},"32":{"start":{"line":68,"column":4},"end":{"line":70,"column":5}},"33":{"start":{"line":69,"column":8},"end":{"line":69,"column":17}},"34":{"start":{"line":71,"column":4},"end":{"line":73,"column":5}},"35":{"start":{"line":72,"column":8},"end":{"line":72,"column":16}},"36":{"start":{"line":75,"column":4},"end":{"line":75,"column":12}},"37":{"start":{"line":79,"column":11},"end":{"line":98,"column":1}},"38":{"start":{"line":81,"column":19},"end":{"line":81,"column":21}},"39":{"start":{"line":83,"column":5},"end":{"line":87,"column":7}},"40":{"start":{"line":84,"column":8},"end":{"line":86,"column":10}},"41":{"start":{"line":85,"column":12},"end":{"line":85,"column":74}},"42":{"start":{"line":89,"column":5},"end":{"line":89,"column":28}},"43":{"start":{"line":91,"column":33},"end":{"line":91,"column":37}},"44":{"start":{"line":93,"column":5},"end":{"line":95,"column":6}},"45":{"start":{"line":93,"column":17},"end":{"line":93,"column":18}},"46":{"start":{"line":94,"column":8},"end":{"line":94,"column":50}},"47":{"start":{"line":97,"column":5},"end":{"line":97,"column":33}},"48":{"start":{"line":104,"column":4},"end":{"line":106,"column":5}},"49":{"start":{"line":105,"column":8},"end":{"line":105,"column":17}},"50":{"start":{"line":107,"column":4},"end":{"line":109,"column":5}},"51":{"start":{"line":108,"column":8},"end":{"line":108,"column":16}},"52":{"start":{"line":110,"column":4},"end":{"line":112,"column":5}},"53":{"start":{"line":111,"column":8},"end":{"line":111,"column":34}},"54":{"start":{"line":114,"column":4},"end":{"line":114,"column":12}},"55":{"start":{"line":119,"column":11},"end":{"line":143,"column":1}},"56":{"start":{"line":121,"column":18},"end":{"line":121,"column":27}},"57":{"start":{"line":124,"column":4},"end":{"line":140,"column":6}},"58":{"start":{"line":126,"column":20},"end":{"line":126,"column":27}},"59":{"start":{"line":128,"column":8},"end":{"line":137,"column":9}},"60":{"start":{"line":130,"column":12},"end":{"line":136,"column":13}},"61":{"start":{"line":132,"column":16},"end":{"line":132,"column":56}},"62":{"start":{"line":135,"column":16},"end":{"line":135,"column":36}},"63":{"start":{"line":142,"column":4},"end":{"line":142,"column":19}},"64":{"start":{"line":146,"column":0},"end":{"line":146,"column":43}}},"fnMap":{"0":{"name":"(anonymous_0)","decl":{"start":{"line":9,"column":9},"end":{"line":9,"column":10}},"loc":{"start":{"line":9,"column":17},"end":{"line":9,"column":32}},"line":9},"1":{"name":"(anonymous_1)","decl":{"start":{"line":13,"column":11},"end":{"line":13,"column":12}},"loc":{"start":{"line":13,"column":17},"end":{"line":19,"column":1}},"line":13},"2":{"name":"(anonymous_2)","decl":{"start":{"line":16,"column":23},"end":{"line":16,"column":24}},"loc":{"start":{"line":16,"column":31},"end":{"line":16,"column":63}},"line":16},"3":{"name":"(anonymous_3)","decl":{"start":{"line":22,"column":11},"end":{"line":22,"column":12}},"loc":{"start":{"line":22,"column":17},"end":{"line":28,"column":1}},"line":22},"4":{"name":"(anonymous_4)","decl":{"start":{"line":25,"column":23},"end":{"line":25,"column":24}},"loc":{"start":{"line":25,"column":31},"end":{"line":25,"column":61}},"line":25},"5":{"name":"(anonymous_5)","decl":{"start":{"line":31,"column":11},"end":{"line":31,"column":12}},"loc":{"start":{"line":31,"column":17},"end":{"line":41,"column":1}},"line":31},"6":{"name":"(anonymous_6)","decl":{"start":{"line":44,"column":11},"end":{"line":44,"column":12}},"loc":{"start":{"line":44,"column":17},"end":{"line":63,"column":1}},"line":44},"7":{"name":"(anonymous_7)","decl":{"start":{"line":47,"column":24},"end":{"line":47,"column":25}},"loc":{"start":{"line":47,"column":32},"end":{"line":51,"column":6}},"line":47},"8":{"name":"compareEurWage","decl":{"start":{"line":66,"column":9},"end":{"line":66,"column":23}},"loc":{"start":{"line":66,"column":29},"end":{"line":76,"column":1}},"line":66},"9":{"name":"(anonymous_9)","decl":{"start":{"line":79,"column":11},"end":{"line":79,"column":12}},"loc":{"start":{"line":79,"column":17},"end":{"line":98,"column":1}},"line":79},"10":{"name":"(anonymous_10)","decl":{"start":{"line":83,"column":24},"end":{"line":83,"column":25}},"loc":{"start":{"line":83,"column":32},"end":{"line":87,"column":6}},"line":83},"11":{"name":"compareAge","decl":{"start":{"line":102,"column":9},"end":{"line":102,"column":19}},"loc":{"start":{"line":102,"column":25},"end":{"line":115,"column":1}},"line":102},"12":{"name":"(anonymous_12)","decl":{"start":{"line":119,"column":11},"end":{"line":119,"column":12}},"loc":{"start":{"line":119,"column":17},"end":{"line":143,"column":1}},"line":119},"13":{"name":"(anonymous_13)","decl":{"start":{"line":124,"column":23},"end":{"line":124,"column":24}},"loc":{"start":{"line":124,"column":31},"end":{"line":140,"column":5}},"line":124}},"branchMap":{"0":{"loc":{"start":{"line":16,"column":31},"end":{"line":16,"column":63}},"type":"binary-expr","locations":[{"start":{"line":16,"column":31},"end":{"line":16,"column":39}},{"start":{"line":16,"column":43},"end":{"line":16,"column":63}}],"line":16},"1":{"loc":{"start":{"line":25,"column":31},"end":{"line":25,"column":61}},"type":"binary-expr","locations":[{"start":{"line":25,"column":31},"end":{"line":25,"column":38}},{"start":{"line":25,"column":42},"end":{"line":25,"column":61}}],"line":25},"2":{"loc":{"start":{"line":48,"column":8},"end":{"line":50,"column":10}},"type":"if","locations":[{"start":{"line":48,"column":8},"end":{"line":50,"column":10}},{"start":{"line":48,"column":8},"end":{"line":50,"column":10}}],"line":48},"3":{"loc":{"start":{"line":68,"column":4},"end":{"line":70,"column":5}},"type":"if","locations":[{"start":{"line":68,"column":4},"end":{"line":70,"column":5}},{"start":{"line":68,"column":4},"end":{"line":70,"column":5}}],"line":68},"4":{"loc":{"start":{"line":71,"column":4},"end":{"line":73,"column":5}},"type":"if","locations":[{"start":{"line":71,"column":4},"end":{"line":73,"column":5}},{"start":{"line":71,"column":4},"end":{"line":73,"column":5}}],"line":71},"5":{"loc":{"start":{"line":84,"column":8},"end":{"line":86,"column":10}},"type":"if","locations":[{"start":{"line":84,"column":8},"end":{"line":86,"column":10}},{"start":{"line":84,"column":8},"end":{"line":86,"column":10}}],"line":84},"6":{"loc":{"start":{"line":104,"column":4},"end":{"line":106,"column":5}},"type":"if","locations":[{"start":{"line":104,"column":4},"end":{"line":106,"column":5}},{"start":{"line":104,"column":4},"end":{"line":106,"column":5}}],"line":104},"7":{"loc":{"start":{"line":107,"column":4},"end":{"line":109,"column":5}},"type":"if","locations":[{"start":{"line":107,"column":4},"end":{"line":109,"column":5}},{"start":{"line":107,"column":4},"end":{"line":109,"column":5}}],"line":107},"8":{"loc":{"start":{"line":110,"column":4},"end":{"line":112,"column":5}},"type":"if","locations":[{"start":{"line":110,"column":4},"end":{"line":112,"column":5}},{"start":{"line":110,"column":4},"end":{"line":112,"column":5}}],"line":110},"9":{"loc":{"start":{"line":128,"column":8},"end":{"line":137,"column":9}},"type":"if","locations":[{"start":{"line":128,"column":8},"end":{"line":137,"column":9}},{"start":{"line":128,"column":8},"end":{"line":137,"column":9}}],"line":128},"10":{"loc":{"start":{"line":130,"column":12},"end":{"line":136,"column":13}},"type":"if","locations":[{"start":{"line":130,"column":12},"end":{"line":136,"column":13}},{"start":{"line":130,"column":12},"end":{"line":136,"column":13}}],"line":130}},"s":{"0":1,"1":1,"2":1,"3":17996,"4":1,"5":1,"6":1,"7":17995,"8":1,"9":1,"10":1,"11":1,"12":17995,"13":1,"14":1,"15":1,"16":1,"17":1,"18":20,"19":20,"20":1,"21":1,"22":1,"23":1,"24":17995,"25":17994,"26":1,"27":1,"28":1,"29":1,"30":10,"31":1,"32":152239,"33":65779,"34":86460,"35":51748,"36":34712,"37":1,"38":1,"39":1,"40":17995,"41":17994,"42":1,"43":1,"44":1,"45":1,"46":10,"47":1,"48":149520,"49":38191,"50":111329,"51":34526,"52":76803,"53":76803,"54":0,"55":1,"56":1,"57":1,"58":17995,"59":17995,"60":17994,"61":17965,"62":29,"63":1,"64":1},"f":{"0":17996,"1":1,"2":17995,"3":1,"4":17995,"5":1,"6":1,"7":17995,"8":152239,"9":1,"10":17995,"11":149520,"12":1,"13":17995},"b":{"0":[17995,17994],"1":[17995,17741],"2":[17994,1],"3":[65779,86460],"4":[51748,34712],"5":[17994,1],"6":[38191,111329],"7":[34526,76803],"8":[76803,0],"9":[17994,1],"10":[17965,29]},"_coverageSchema":"1a1c01bbd47fc00a2c39e90264f33305004495a9","hash":"e7cb7b6489a8e16144915f2e5c6e1e35882e3cd1"}
}
