TN:
SF:../src/index.js
FN:9,(anonymous_0)
FN:13,(anonymous_1)
FN:16,(anonymous_2)
FN:22,(anonymous_3)
FN:25,(anonymous_4)
FN:31,(anonymous_5)
FN:44,(anonymous_6)
FN:47,(anonymous_7)
FN:66,compareEurWage
FN:79,(anonymous_9)
FN:83,(anonymous_10)
FN:102,compareAge
FN:119,(anonymous_12)
FN:124,(anonymous_13)
FNF:14
FNH:14
FNDA:17996,(anonymous_0)
FNDA:1,(anonymous_1)
FNDA:17995,(anonymous_2)
FNDA:1,(anonymous_3)
FNDA:17995,(anonymous_4)
FNDA:1,(anonymous_5)
FNDA:1,(anonymous_6)
FNDA:17995,(anonymous_7)
FNDA:152239,compareEurWage
FNDA:1,(anonymous_9)
FNDA:17995,(anonymous_10)
FNDA:149520,compareAge
FNDA:1,(anonymous_12)
FNDA:17995,(anonymous_13)
DA:3,1
DA:5,1
DA:7,1
DA:9,17996
DA:13,1
DA:14,1
DA:16,17995
DA:18,1
DA:22,1
DA:23,1
DA:25,17995
DA:27,1
DA:31,1
DA:33,1
DA:35,1
DA:36,20
DA:37,20
DA:40,1
DA:44,1
DA:45,1
DA:47,1
DA:48,17995
DA:49,17994
DA:53,1
DA:56,1
DA:58,1
DA:59,10
DA:62,1
DA:68,152239
DA:69,65779
DA:71,86460
DA:72,51748
DA:75,34712
DA:79,1
DA:81,1
DA:83,1
DA:84,17995
DA:85,17994
DA:89,1
DA:91,1
DA:93,1
DA:94,10
DA:97,1
DA:104,149520
DA:105,38191
DA:107,111329
DA:108,34526
DA:110,76803
DA:111,76803
DA:114,0
DA:119,1
DA:121,1
DA:124,1
DA:126,17995
DA:128,17995
DA:130,17994
DA:132,17965
DA:135,29
DA:142,1
DA:146,1
LF:60
LH:59
BRDA:16,0,0,17995
BRDA:16,0,1,17994
BRDA:25,1,0,17995
BRDA:25,1,1,17741
BRDA:48,2,0,17994
BRDA:48,2,1,1
BRDA:68,3,0,65779
BRDA:68,3,1,86460
BRDA:71,4,0,51748
BRDA:71,4,1,34712
BRDA:84,5,0,17994
BRDA:84,5,1,1
BRDA:104,6,0,38191
BRDA:104,6,1,111329
BRDA:107,7,0,34526
BRDA:107,7,1,76803
BRDA:110,8,0,76803
BRDA:110,8,1,0
BRDA:128,9,0,17994
BRDA:128,9,1,1
BRDA:130,10,0,17965
BRDA:130,10,1,29
BRF:22
BRH:21
end_of_record
