<?xml version="1.0" encoding="UTF-8"?>
<testsuites name="Mocha Tests" time="0.32200000000000006" tests="6" failures="0">
  <testsuite name="Root Suite" timestamp="2020-03-05T00:36:07" tests="0" failures="0" time="0">
  </testsuite>
  <testsuite name="Fifa data processing" timestamp="2020-03-05T00:36:07" tests="6" file="/home/mbotelho/codenation/nodejs-1/test/submit.test.js" failures="0" time="0.32200000000000006">
    <testcase name="Fifa data processing q1" time="0.008" classname="q1">
    </testcase>
    <testcase name="Fifa data processing q2" time="0.009" classname="q2">
    </testcase>
    <testcase name="Fifa data processing q3" time="0" classname="q3">
    </testcase>
    <testcase name="Fifa data processing q4" time="0.14" classname="q4">
    </testcase>
    <testcase name="Fifa data processing q5" time="0.161" classname="q5">
    </testcase>
    <testcase name="Fifa data processing q6" time="0.004" classname="q6">
    </testcase>
  </testsuite>
</testsuites>